<?xml version="1.0" encoding="UTF-8"?>
<!-- Generated by org.testng.reporters.JUnitReportReporter -->
<testsuite hostname="DESKTOP-U1QCOVV" failures="0" tests="8" name="cucumberOptions.TestRunner" time="72.788" errors="0" timestamp="2024-12-08T15:23:58 ICT" skipped="0">
  <testcase classname="cucumberOptions.TestRunner" name="runScenario" time="12.815"/>
  <testcase classname="cucumberOptions.TestRunner" name="runScenario" time="5.957"/>
  <testcase classname="cucumberOptions.TestRunner" name="runScenario" time="8.650"/>
  <testcase classname="cucumberOptions.TestRunner" name="runScenario" time="9.867"/>
  <testcase classname="cucumberOptions.TestRunner" name="runScenario" time="8.267"/>
  <testcase classname="cucumberOptions.TestRunner" name="runScenario" time="11.236"/>
  <testcase classname="cucumberOptions.TestRunner" name="runScenario" time="7.926"/>
  <testcase classname="cucumberOptions.TestRunner" name="runScenario" time="8.070"/>
</testsuite> <!-- cucumberOptions.TestRunner -->
